<?xml version="1.0" encoding="UTF-8"?>
<testsuites>
  <testsuite name="fastlane.lanes">
    
    
    
      
      <testcase classname="fastlane.lanes" name="0: Verifying fastlane version" time="0.008635">
        
      </testcase>
    
      
      <testcase classname="fastlane.lanes" name="1: setup_travis" time="0.001282">
        
      </testcase>
    
      
      <testcase classname="fastlane.lanes" name="2: default_platform" time="0.000684">
        
      </testcase>
    
      
      <testcase classname="fastlane.lanes" name="3: Switch to ios libraries lane" time="0.000981">
        
      </testcase>
    
      
      <testcase classname="fastlane.lanes" name="4: carthage" time="31.008121">
        
      </testcase>
    
      
      <testcase classname="fastlane.lanes" name="5: sonar" time="1.000833">
        
          <failure message="/usr/local/lib/ruby/gems/2.6.0/gems/fastlane-2.125.2/fastlane/lib/fastlane/actions/actions_helper.rb:48:in `execute_action'&#10;/usr/local/lib/ruby/gems/2.6.0/gems/fastlane-2.125.2/fastlane/lib/fastlane/runner.rb:235:in `block in execute_action'&#10;/usr/local/lib/ruby/gems/2.6.0/gems/fastlane-2.125.2/fastlane/lib/fastlane/runner.rb:227:in `chdir'&#10;/usr/local/lib/ruby/gems/2.6.0/gems/fastlane-2.125.2/fastlane/lib/fastlane/runner.rb:227:in `execute_action'&#10;/usr/local/lib/ruby/gems/2.6.0/gems/fastlane-2.125.2/fastlane/lib/fastlane/runner.rb:157:in `trigger_action_by_name'&#10;/usr/local/lib/ruby/gems/2.6.0/gems/fastlane-2.125.2/fastlane/lib/fastlane/fast_file.rb:154:in `method_missing'&#10;Fastfile:64:in `block (2 levels) in parsing_binding'&#10;/usr/local/lib/ruby/gems/2.6.0/gems/fastlane-2.125.2/fastlane/lib/fastlane/lane.rb:33:in `call'&#10;/usr/local/lib/ruby/gems/2.6.0/gems/fastlane-2.125.2/fastlane/lib/fastlane/runner.rb:49:in `block in execute'&#10;/usr/local/lib/ruby/gems/2.6.0/gems/fastlane-2.125.2/fastlane/lib/fastlane/runner.rb:45:in `chdir'&#10;/usr/local/lib/ruby/gems/2.6.0/gems/fastlane-2.125.2/fastlane/lib/fastlane/runner.rb:45:in `execute'&#10;/usr/local/lib/ruby/gems/2.6.0/gems/fastlane-2.125.2/fastlane/lib/fastlane/lane_manager.rb:56:in `cruise_lane'&#10;/usr/local/lib/ruby/gems/2.6.0/gems/fastlane-2.125.2/fastlane/lib/fastlane/command_line_handler.rb:36:in `handle'&#10;/usr/local/lib/ruby/gems/2.6.0/gems/fastlane-2.125.2/fastlane/lib/fastlane/commands_generator.rb:108:in `block (2 levels) in run'&#10;/usr/local/lib/ruby/gems/2.6.0/gems/commander-fastlane-4.4.6/lib/commander/command.rb:178:in `call'&#10;/usr/local/lib/ruby/gems/2.6.0/gems/commander-fastlane-4.4.6/lib/commander/command.rb:153:in `run'&#10;/usr/local/lib/ruby/gems/2.6.0/gems/commander-fastlane-4.4.6/lib/commander/runner.rb:476:in `run_active_command'&#10;/usr/local/lib/ruby/gems/2.6.0/gems/fastlane-2.125.2/fastlane_core/lib/fastlane_core/ui/fastlane_runner.rb:76:in `run!'&#10;/usr/local/lib/ruby/gems/2.6.0/gems/commander-fastlane-4.4.6/lib/commander/delegates.rb:15:in `run!'&#10;/usr/local/lib/ruby/gems/2.6.0/gems/fastlane-2.125.2/fastlane/lib/fastlane/commands_generator.rb:333:in `run'&#10;/usr/local/lib/ruby/gems/2.6.0/gems/fastlane-2.125.2/fastlane/lib/fastlane/commands_generator.rb:41:in `start'&#10;/usr/local/lib/ruby/gems/2.6.0/gems/fastlane-2.125.2/fastlane/lib/fastlane/cli_tools_distributor.rb:119:in `take_off'&#10;/usr/local/lib/ruby/gems/2.6.0/gems/fastlane-2.125.2/bin/fastlane:23:in `&lt;top (required)&gt;'&#10;/usr/local/bin/fastlane:23:in `load'&#10;/usr/local/bin/fastlane:23:in `&lt;main&gt;'&#10;&#10;Shell command exited with exit status 1 instead of 0.&#10;INFO: Scanner configuration file: /usr/local/Cellar/sonar-scanner/3.3.0.1492/libexec/conf/sonar-scanner.properties&#10;INFO: Project root configuration file: NONE&#10;INFO: SonarQube Scanner 3.3.0.1492&#10;INFO: Java 1.8.0_131 Oracle Corporation (64-bit)&#10;INFO: Mac OS X 10.14.5 x86_64&#10;INFO: User cache: /Users/vladimir/.sonar/cache&#10;ERROR: SonarQube server [http://localhost:9000] can not be reached&#10;INFO: ------------------------------------------------------------------------&#10;INFO: EXECUTION FAILURE&#10;INFO: ------------------------------------------------------------------------&#10;INFO: Total time: 0.481s&#10;INFO: Final Memory: 5M/245M&#10;INFO: ------------------------------------------------------------------------&#10;ERROR: Error during SonarQube Scanner execution&#10;ERROR: Unable to execute SonarQube&#10;ERROR: Caused by: Fail to get bootstrap index from server&#10;ERROR: Caused by: Failed to connect to localhost/0:0:0:0:0:0:0:1:9000&#10;ERROR: Caused by: Connection refused (Connection refused)&#10;ERROR: &#10;ERROR: Re-run SonarQube Scanner using the -X switch to enable full debug logging.&#10;" />
        
      </testcase>
    
  </testsuite>
</testsuites>
